TN:
SF:D:\Program\vue-test\crowdsourcing-vue\src\components\page\Login.vue
FN:68,(anonymous_0)
FN:82,(anonymous_1)
FNF:2
FNH:0
FNDA:0,(anonymous_0)
FNDA:0,(anonymous_1)
DA:57,1
DA:67,0
DA:69,0
DA:71,0
DA:73,0
DA:74,0
DA:75,0
DA:77,0
DA:78,0
DA:79,0
DA:83,0
LF:11
LH:1
BRDA:69,0,0,0
BRDA:69,0,1,0
BRDA:75,1,0,0
BRDA:75,1,1,0
BRDA:78,2,0,0
BRDA:78,2,1,0
BRF:6
BRH:0
end_of_record
TN:
SF:D:\Program\vue-test\crowdsourcing-vue\src\router\index.js
FN:14,(anonymous_0)
FN:18,(anonymous_1)
FN:22,(anonymous_2)
FN:26,(anonymous_3)
FN:30,(anonymous_4)
FN:34,(anonymous_5)
FN:38,(anonymous_6)
FN:42,(anonymous_7)
FN:47,(anonymous_8)
FN:51,(anonymous_9)
FN:55,(anonymous_10)
FN:59,(anonymous_11)
FN:65,(anonymous_12)
FN:69,(anonymous_13)
FNF:14
FNH:0
FNDA:0,(anonymous_0)
FNDA:0,(anonymous_1)
FNDA:0,(anonymous_2)
FNDA:0,(anonymous_3)
FNDA:0,(anonymous_4)
FNDA:0,(anonymous_5)
FNDA:0,(anonymous_6)
FNDA:0,(anonymous_7)
FNDA:0,(anonymous_8)
FNDA:0,(anonymous_9)
FNDA:0,(anonymous_10)
FNDA:0,(anonymous_11)
FNDA:0,(anonymous_12)
FNDA:0,(anonymous_13)
DA:4,1
DA:14,0
DA:18,0
DA:22,0
DA:26,0
DA:30,0
DA:34,0
DA:38,0
DA:42,0
DA:47,0
DA:51,0
DA:55,0
DA:59,0
DA:65,0
DA:69,0
LF:15
LH:1
BRF:0
BRH:0
end_of_record
TN:
SF:D:\Program\vue-test\crowdsourcing-vue\src\App.vue
FNF:0
FNH:0
LF:0
LH:0
BRF:0
BRH:0
end_of_record
TN:
SF:D:\Program\vue-test\crowdsourcing-vue\src\components\common\Header.vue
FNF:0
FNH:0
DA:20,0
DA:26,0
DA:27,0
DA:32,0
DA:33,0
DA:34,0
LF:6
LH:0
BRDA:27,0,0,0
BRDA:27,0,1,0
BRDA:32,1,0,0
BRDA:32,1,1,0
BRF:4
BRH:0
end_of_record
TN:
SF:D:\Program\vue-test\crowdsourcing-vue\src\components\common\Home.vue
FNF:0
FNH:0
LF:0
LH:0
BRF:0
BRH:0
end_of_record
TN:
SF:D:\Program\vue-test\crowdsourcing-vue\src\components\common\Sidebar.vue
FNF:0
FNH:0
DA:33,0
LF:1
LH:0
BRF:0
BRH:0
end_of_record
TN:
SF:D:\Program\vue-test\crowdsourcing-vue\src\components\page\BaseCharts.vue
FN:34,(anonymous_0)
FNF:1
FNH:0
FNDA:0,(anonymous_0)
DA:34,0
LF:1
LH:0
BRF:0
BRH:0
end_of_record
TN:
SF:D:\Program\vue-test\crowdsourcing-vue\src\components\page\CreateRequirement.vue
FN:84,(anonymous_0)
FN:119,(anonymous_1)
FN:127,(anonymous_2)
FNF:3
FNH:0
FNDA:0,(anonymous_0)
FNDA:0,(anonymous_1)
FNDA:0,(anonymous_2)
DA:85,0
DA:88,0
DA:105,0
DA:106,0
DA:107,0
DA:108,0
DA:110,0
DA:111,0
DA:112,0
DA:113,0
DA:114,0
DA:115,0
DA:116,0
DA:118,0
DA:120,0
DA:121,0
DA:122,0
DA:124,0
DA:128,0
DA:133,0
DA:136,0
DA:137,0
DA:138,0
DA:139,0
DA:141,0
LF:25
LH:0
BRDA:120,0,0,0
BRDA:120,0,1,0
BRDA:138,1,0,0
BRDA:138,1,1,0
BRF:4
BRH:0
end_of_record
TN:
SF:D:\Program\vue-test\crowdsourcing-vue\src\components\page\Markdown.vue
FN:25,(anonymous_0)
FNF:1
FNH:0
FNDA:0,(anonymous_0)
DA:26,0
LF:1
LH:0
BRF:0
BRH:0
end_of_record
TN:
SF:D:\Program\vue-test\crowdsourcing-vue\src\components\page\MixCharts.vue
FN:22,(anonymous_0)
FNF:1
FNH:0
FNDA:0,(anonymous_0)
DA:23,0
LF:1
LH:0
BRF:0
BRH:0
end_of_record
TN:
SF:D:\Program\vue-test\crowdsourcing-vue\src\components\page\Project.vue
FNF:0
FNH:0
DA:34,0
DA:69,0
DA:72,0
LF:3
LH:0
BRF:0
BRH:0
end_of_record
TN:
SF:D:\Program\vue-test\crowdsourcing-vue\src\components\page\Readme.vue
FNF:0
FNH:0
DA:118,0
DA:124,0
DA:125,0
DA:130,0
DA:131,0
DA:132,0
LF:6
LH:0
BRDA:125,0,0,0
BRDA:125,0,1,0
BRDA:130,1,0,0
BRDA:130,1,1,0
BRF:4
BRH:0
end_of_record
TN:
SF:D:\Program\vue-test\crowdsourcing-vue\src\components\page\Register.vue
FN:71,(anonymous_0)
FN:83,(anonymous_1)
FNF:2
FNH:0
FNDA:0,(anonymous_0)
FNDA:0,(anonymous_1)
DA:59,0
DA:70,0
DA:72,0
DA:76,0
DA:80,0
DA:84,0
LF:6
LH:0
BRDA:72,0,0,0
BRDA:72,0,1,0
BRF:2
BRH:0
end_of_record
TN:
SF:D:\Program\vue-test\crowdsourcing-vue\src\components\page\Requirement.vue
FN:83,(anonymous_0)
FN:101,(anonymous_1)
FN:118,(anonymous_2)
FN:126,(anonymous_3)
FN:131,(anonymous_4)
FN:137,(anonymous_5)
FNF:6
FNH:0
FNDA:0,(anonymous_0)
FNDA:0,(anonymous_1)
FNDA:0,(anonymous_2)
FNDA:0,(anonymous_3)
FNDA:0,(anonymous_4)
FNDA:0,(anonymous_5)
DA:61,0
DA:81,0
DA:82,0
DA:84,0
DA:85,0
DA:86,0
DA:88,0
DA:89,0
DA:90,0
DA:91,0
DA:92,0
DA:93,0
DA:95,0
DA:98,0
DA:102,0
DA:109,0
DA:112,0
DA:116,0
DA:117,0
DA:119,0
DA:120,0
DA:121,0
DA:123,0
DA:127,0
DA:132,0
DA:133,0
DA:138,0
DA:139,0
LF:28
LH:0
BRDA:84,0,0,0
BRDA:84,0,1,0
BRDA:88,1,0,0
BRDA:88,1,1,0
BRDA:90,2,0,0
BRDA:90,2,1,0
BRDA:92,3,0,0
BRDA:92,3,1,0
BRDA:119,4,0,0
BRDA:119,4,1,0
BRF:10
BRH:0
end_of_record
TN:
SF:D:\Program\vue-test\crowdsourcing-vue\src\components\page\SingleRequirement.vue
FN:82,(anonymous_0)
FN:90,(anonymous_1)
FN:102,(anonymous_2)
FN:110,(anonymous_3)
FN:114,(anonymous_4)
FN:118,(anonymous_5)
FNF:6
FNH:0
FNDA:0,(anonymous_0)
FNDA:0,(anonymous_1)
FNDA:0,(anonymous_2)
FNDA:0,(anonymous_3)
FNDA:0,(anonymous_4)
FNDA:0,(anonymous_5)
DA:73,0
DA:80,0
DA:81,0
DA:83,0
DA:84,0
DA:85,0
DA:87,0
DA:91,0
DA:98,0
DA:99,0
DA:101,0
DA:103,0
DA:104,0
DA:105,0
DA:107,0
DA:111,0
DA:115,0
DA:116,0
DA:119,0
DA:120,0
LF:20
LH:0
BRDA:83,0,0,0
BRDA:83,0,1,0
BRDA:103,1,0,0
BRDA:103,1,1,0
BRF:4
BRH:0
end_of_record
TN:
SF:D:\Program\vue-test\crowdsourcing-vue\src\components\page\Skill.vue
FNF:0
FNH:0
DA:66,0
LF:1
LH:0
BRF:0
BRH:0
end_of_record
TN:
SF:D:\Program\vue-test\crowdsourcing-vue\src\components\page\SkillUpload.vue
FN:55,(anonymous_0)
FN:89,(anonymous_1)
FN:99,(anonymous_2)
FN:112,(anonymous_3)
FNF:4
FNH:0
FNDA:0,(anonymous_0)
FNDA:0,(anonymous_1)
FNDA:0,(anonymous_2)
FNDA:0,(anonymous_3)
DA:56,0
DA:86,0
DA:89,0
DA:90,0
DA:91,0
DA:92,0
DA:93,0
DA:94,0
DA:95,0
DA:98,0
DA:100,0
DA:104,0
DA:105,0
DA:109,0
DA:113,0
DA:117,0
DA:118,0
DA:150,0
LF:18
LH:0
BRDA:90,0,0,0
BRDA:90,0,1,0
BRDA:100,1,0,0
BRDA:100,1,1,0
BRF:4
BRH:0
end_of_record
TN:
SF:D:\Program\vue-test\crowdsourcing-vue\src\components\page\VueEditor.vue
FN:21,(anonymous_0)
FNF:1
FNH:0
FNDA:0,(anonymous_0)
DA:22,0
DA:34,0
DA:37,0
DA:38,0
DA:43,0
LF:5
LH:0
BRF:0
BRH:0
end_of_record
